Chapter05/app/build/outputs/logs/manifest-merger-debug-report.txt
-- Merging decision tree log ---
manifest
ADDED from src/main/AndroidManifest.xml:2:1-101:12
	package
		ADDED from src/main/AndroidManifest.xml:3:5-48
		INJECTED from src/main/AndroidManifest.xml
		INJECTED from src/main/AndroidManifest.xml
	android:versionName
		ADDED from src/main/AndroidManifest.xml:5:5-30
	android:versionCode
		ADDED from src/main/AndroidManifest.xml:4:5-28
		INJECTED from src/main/AndroidManifest.xml
		INJECTED from src/main/AndroidManifest.xml
	xmlns:android
		ADDED from src/main/AndroidManifest.xml:2:11-69
uses-permission#android.permission.READ_PHONE_STATE
ADDED from src/main/AndroidManifest.xml:7:5-75
	android:name
		ADDED from src/main/AndroidManifest.xml:7:22-72
uses-sdk
ADDED from src/main/AndroidManifest.xml:9:5-11:41
	android:targetSdkVersion
		ADDED from src/main/AndroidManifest.xml:11:9-38
		INJECTED from src/main/AndroidManifest.xml
		INJECTED from src/main/AndroidManifest.xml
	android:minSdkVersion
		ADDED from src/main/AndroidManifest.xml:10:9-35
		INJECTED from src/main/AndroidManifest.xml
		INJECTED from src/main/AndroidManifest.xml
application
ADDED from src/main/AndroidManifest.xml:13:5-99:19
	android:label
		ADDED from src/main/AndroidManifest.xml:16:9-41
	android:allowBackup
		ADDED from src/main/AndroidManifest.xml:14:9-35
	android:icon
		ADDED from src/main/AndroidManifest.xml:15:9-45
	android:theme
		ADDED from src/main/AndroidManifest.xml:17:9-40
activity#jp.co.se.android.recipe.common.MainActivity
ADDED from src/main/AndroidManifest.xml:18:9-26:20
	android:label
		ADDED from src/main/AndroidManifest.xml:20:13-45
	android:name
		ADDED from src/main/AndroidManifest.xml:19:13-71
intent-filter#android.intent.action.MAIN+android.intent.category.LAUNCHER
ADDED from src/main/AndroidManifest.xml:21:13-25:29
action#android.intent.action.MAIN
ADDED from src/main/AndroidManifest.xml:22:17-69
	android:name
		ADDED from src/main/AndroidManifest.xml:22:25-66
category#android.intent.category.LAUNCHER
ADDED from src/main/AndroidManifest.xml:24:17-77
	android:name
		ADDED from src/main/AndroidManifest.xml:24:27-74
activity#jp.co.se.android.recipe.chapter05.Ch0501
ADDED from src/main/AndroidManifest.xml:27:9-35:20
	android:label
		ADDED from src/main/AndroidManifest.xml:29:13-47
	android:name
		ADDED from src/main/AndroidManifest.xml:28:13-68
intent-filter#android.intent.action.MAIN+android.intent.category.SAMPLE_CODE
ADDED from src/main/AndroidManifest.xml:30:13-34:29
category#android.intent.category.SAMPLE_CODE
ADDED from src/main/AndroidManifest.xml:33:17-80
	android:name
		ADDED from src/main/AndroidManifest.xml:33:27-77
activity#jp.co.se.android.recipe.chapter05.Ch0502
ADDED from src/main/AndroidManifest.xml:36:9-44:20
	android:label
		ADDED from src/main/AndroidManifest.xml:38:13-47
	android:name
		ADDED from src/main/AndroidManifest.xml:37:13-68
activity#jp.co.se.android.recipe.chapter05.Ch0503
ADDED from src/main/AndroidManifest.xml:45:9-53:20
	android:label
		ADDED from src/main/AndroidManifest.xml:47:13-47
	android:name
		ADDED from src/main/AndroidManifest.xml:46:13-68
activity#jp.co.se.android.recipe.chapter05.Ch0504
ADDED from src/main/AndroidManifest.xml:54:9-62:20
	android:label
		ADDED from src/main/AndroidManifest.xml:56:13-47
	android:name
		ADDED from src/main/AndroidManifest.xml:55:13-68
activity#jp.co.se.android.recipe.chapter05.Ch0505
ADDED from src/main/AndroidManifest.xml:63:9-71:20
	android:label
		ADDED from src/main/AndroidManifest.xml:65:13-47
	android:name
		ADDED from src/main/AndroidManifest.xml:64:13-68
activity#jp.co.se.android.recipe.chapter05.Ch0506
ADDED from src/main/AndroidManifest.xml:72:9-80:20
	android:label
		ADDED from src/main/AndroidManifest.xml:74:13-47
	android:name
		ADDED from src/main/AndroidManifest.xml:73:13-68
activity#jp.co.se.android.recipe.chapter05.Ch0507
ADDED from src/main/AndroidManifest.xml:81:9-89:20
	android:label
		ADDED from src/main/AndroidManifest.xml:83:13-47
	android:name
		ADDED from src/main/AndroidManifest.xml:82:13-68
activity#jp.co.se.android.recipe.chapter05.Ch0508
ADDED from src/main/AndroidManifest.xml:90:9-98:20
	android:label
		ADDED from src/main/AndroidManifest.xml:92:13-47
	android:name
		ADDED from src/main/AndroidManifest.xml:91:13-68